[templates.microweber.com/banking/index.html]
[templates.microweber.com/banking/userfiles/modules/microweber/default.css]
[backblue.gif]
[fade.gif]
[index.html]
[templates.microweber.com/banking/userfiles/cache/apijs_combined/api.combined.1565262623.public.1.3.1.js]
[templates.microweber.com/banking/userfiles/templates/banking/assets/plugins/mw-ui/assets/ui/plugins/js/plugins.js]
[templates.microweber.com/banking/userfiles/media/default/css/banking/assets/css/colors.scss.1.3.1-5.2b16f.css]
[templates.microweber.com/banking/userfiles/templates/banking/assets/css/main.css]
[templates.microweber.com/banking/userfiles/templates/banking/assets/templates_features/css/scss/styles-for-template.css]
[templates.microweber.com/banking/userfiles/templates/banking/assets/templates_features/js/js-for-template.js]
[templates.microweber.com/banking/userfiles/css/banking/live_edita223.css]
[templates.microweber.com/banking/userfiles/templates/banking/assets/img/layouts/content-73-image-1.png]
[templates.microweber.com/banking/userfiles/templates/banking/assets/img/layouts/content-73-image-brand.png]
[templates.microweber.com/banking/userfiles/media/default/image-4.png]
[templates.microweber.com/banking/userfiles/media/default/1.png]
[templates.microweber.com/banking/userfiles/templates/banking/assets/img/layouts/testimonials-image-for-change-1.png]
[templates.microweber.com/banking/userfiles/templates/banking/assets/img/layouts/testimonials-image-for-change-2.png]
[templates.microweber.com/banking/userfiles/templates/banking/assets/img/layouts/testimonials-image-for-change-3.png]
[templates.microweber.com/banking/userfiles/templates/banking/assets/img/layouts/testimonials-image-for-change-4.png]
[templates.microweber.com/banking/userfiles/templates/banking/assets/img/layouts/testimonials-image-for-change-5.png]
[templates.microweber.com/banking/userfiles/templates/banking/assets/img/layouts/testimonials-image-for-change-6.png]
[templates.microweber.com/banking/userfiles/templates/banking/assets/img/layouts/testimonials-Group-33.png]
[templates.microweber.com/banking/userfiles/templates/banking/assets/img/layouts/testimonials-Group-41.png]
[templates.microweber.com/banking/userfiles/cache/thumbnails/650/tn-image-4-128741601.png]
[templates.microweber.com/banking/userfiles/cache/thumbnails/650/tn-1-1831092103.png]
[templates.microweber.com/banking/userfiles/templates/banking/assets/img/layouts/Techyes-map-01-3.png]
[templates.microweber.com/banking/userfiles/templates/banking/dist/main.min.js]
[templates.microweber.com/banking/userfiles/cache/apijs/ping.2568495471.1.3.1.js]
[templates.microweber.com/banking/index.html]
[templates.microweber.com/banking/userfiles/modules/microweber/css/ui.css]
[templates.microweber.com/banking/userfiles/modules/microweber/css/animate.min.css]
[templates.microweber.com/banking/userfiles/modules/microweber/default.css]
[templates.microweber.com/banking/icon_selector.html]
[templates.microweber.com/banking/userfiles/media/default/css/banking/assets/css/colors.scss.1.3.1-5.2b16f.css]
[templates.microweber.com/banking/userfiles/templates/banking/assets/css/main.css]
[templates.microweber.com/banking/userfiles/templates/banking/assets/templates_features/img/animations/BACKGROUND.jpg]
[templates.microweber.com/banking/userfiles/templates/banking/assets/templates_features/css/scss/styles-for-template.css]
[templates.microweber.com/banking/userfiles/css/banking/live_edita223.css]
[templates.microweber.com/banking/userfiles/modules/microweber/css/fonts/materialdesignicons/css/materialdesignicons.min.css]
[templates.microweber.com/banking/userfiles/modules/microweber/css/fonts/fontbe08.ttf]
[templates.microweber.com/banking/userfiles/modules/microweber/img/enter_fullscreen.png]
[templates.microweber.com/banking/userfiles/modules/microweber/img/cancel_fullscreen.png]
[templates.microweber.com/banking/userfiles/modules/microweber/css/ui.css]
[templates.microweber.com/banking/userfiles/modules/microweber/css/animate.min.css]
[templates.microweber.com/banking/userfiles/templates/banking/assets/img/dropable_zone_bg.html]
[templates.microweber.com/banking/userfiles/templates/banking/assets/img/dropable_zone_image.html]
[templates.microweber.com/banking/userfiles/templates/banking/assets/img/dropable_zone_media.html]
[templates.microweber.com/banking/userfiles/modules/microweber/css/fonts/materialdesignicons/fonts/materialdesignicons-webfont7e1c.eot]
[templates.microweber.com/banking/userfiles/modules/microweber/css/fonts/materialdesignicons/fonts/materialdesignicons-webfontd41d.eot]
[templates.microweber.com/banking/userfiles/modules/microweber/css/fonts/materialdesignicons/fonts/materialdesignicons-webfont7e1c.woff2]
[templates.microweber.com/banking/userfiles/modules/microweber/css/fonts/materialdesignicons/fonts/materialdesignicons-webfont7e1c.woff]
[templates.microweber.com/banking/userfiles/modules/microweber/css/fonts/materialdesignicons/fonts/materialdesignicons-webfont7e1c.ttf]
[templates.microweber.com/banking/userfiles/modules/microweber/css/fonts/materialdesignicons/css/materialdesignicons.min.css]
[templates.microweber.com/banking/userfiles/modules/microweber/img/index.html]
[templates.microweber.com/banking/userfiles/modules/microweber/images/magnifier.svg]
[templates.microweber.com/banking/userfiles/modules/microweber/api/libs/mw-ui/grunt/plugins/ui/img/dropable_zone_bg.svg]
[templates.microweber.com/banking/userfiles/modules/microweber/api/libs/mw-ui/grunt/plugins/ui/img/dropable_zone_image.svg]
